\BOOKMARK [0][-]{chapter.1}{Pr\351sentation}{}% 1
\BOOKMARK [1][-]{section.1.1}{Technologies}{chapter.1}% 2
\BOOKMARK [2][-]{subsection.1.1.1}{Technologies utilis\351es}{section.1.1}% 3
\BOOKMARK [2][-]{subsection.1.1.2}{Niveau des membres \(avant projet\)}{section.1.1}% 4
\BOOKMARK [1][-]{section.1.2}{Consignes}{chapter.1}% 5
\BOOKMARK [1][-]{section.1.3}{R\351sultats en utilisant PostMan}{chapter.1}% 6
\BOOKMARK [2][-]{subsection.1.3.1}{Question 1}{section.1.3}% 7
\BOOKMARK [2][-]{subsection.1.3.2}{Question 2}{section.1.3}% 8
\BOOKMARK [2][-]{subsection.1.3.3}{Question 3}{section.1.3}% 9
\BOOKMARK [2][-]{subsection.1.3.4}{Question 4}{section.1.3}% 10
\BOOKMARK [2][-]{subsection.1.3.5}{Question 5}{section.1.3}% 11
\BOOKMARK [2][-]{subsection.1.3.6}{Question 6}{section.1.3}% 12
\BOOKMARK [1][-]{section.1.4}{Liens}{chapter.1}% 13
\BOOKMARK [0][-]{chapter.2}{Manuel d'installation}{}% 14
\BOOKMARK [0][-]{chapter.3}{Manuel d'utilisation}{}% 15
\BOOKMARK [1][-]{section.3.1}{Menu}{chapter.3}% 16
\BOOKMARK [1][-]{section.3.2}{Liste des Livres}{chapter.3}% 17
\BOOKMARK [2][-]{subsection.3.2.1}{D\351tails sur un Livre}{section.3.2}% 18
\BOOKMARK [2][-]{subsection.3.2.2}{D\351tails sur un Livre - Supprimer}{section.3.2}% 19
\BOOKMARK [2][-]{subsection.3.2.3}{D\351tails sur un Livre - \311diter}{section.3.2}% 20
\BOOKMARK [1][-]{section.3.3}{Ajouter un Livre}{chapter.3}% 21
